<?xml version="1.0" encoding="UTF-8"?>
<testng-results skipped="0" failed="0" total="1" passed="1">
  <reporter-output>
  </reporter-output>
  <suite name="Default suite" duration-ms="14191" started-at="2016-08-06T10:36:11Z" finished-at="2016-08-06T10:36:25Z">
    <groups>
    </groups>
    <test name="Default test" duration-ms="14191" started-at="2016-08-06T10:36:11Z" finished-at="2016-08-06T10:36:25Z">
      <class name="qsp.DemoA">
        <test-method status="PASS" signature="testA()[pri:0, instance:qsp.DemoA@3ffc5af1]" name="testA" duration-ms="14151" started-at="2016-08-06T16:06:11Z" finished-at="2016-08-06T16:06:25Z">
          <reporter-output>
          </reporter-output>
        </test-method> <!-- testA -->
      </class> <!-- qsp.DemoA -->
    </test> <!-- Default test -->
  </suite> <!-- Default suite -->
</testng-results>
